2021-07-19 03:00:55,067:__main__:Error on line 1
Country                              NaN
Alcoholic Beverages                  0.0
Animal Products                   4.7774
Animal fats                       0.8504
Aquatic Products, Other              0.0
Cereals - Excluding Beer         37.1186
Eggs                              0.1501
Fish, Seafood                        0.0
Fruits - Excluding Wine           1.4757
Meat                              1.2006
Milk - Excluding Butter           2.4512
Miscellaneous                      0.025
Offals                            0.1251
Oilcrops                          0.1751
Pulses                            0.5003
Spices                            0.1001
Starchy Roots                     0.3252
Stimulants                         0.075
Sugar Crops                          0.0
Sugar & Sweeteners                2.2261
Treenuts                          0.1251
Vegetal Products                 45.2476
Vegetable Oils                    2.3012
Vegetables                        0.7504
Obesity                              4.5
Undernourished                      29.8
Confirmed                       0.142134
Deaths                          0.006186
Recovered                       0.123374
Active                          0.012574
Population                      38928000
Unit (all except Population)           %
Name: 0, dtype: object
2021-07-19 03:00:55,072:__main__:Error on line 31
Country                                NaN
Alcoholic Beverages                 1.2768
Animal Products                    16.1844
Animal fats                         1.1773
Aquatic Products, Other             0.0209
Cereals - Excluding Beer           17.3827
Eggs                                1.2349
Fish, Seafood                       1.2872
Fruits - Excluding Wine             1.2924
Meat                                9.8896
Milk - Excluding Butter              1.889
Miscellaneous                       0.5128
Offals                              0.6698
Oilcrops                            1.0518
Pulses                              0.1727
Spices                              0.0837
Starchy Roots                       1.4023
Stimulants                          0.4762
Sugar Crops                         0.0052
Sugar & Sweeteners                  3.3436
Treenuts                            0.7797
Vegetal Products                   33.8235
Vegetable Oils                      3.5791
Vegetables                          2.4645
Obesity                                6.6
Undernourished                         8.5
Confirmed                         0.007156
Deaths                            0.000344
Recovered                         0.006685
Active                            0.000126
Population                      1402385000
Unit (all except Population)             %
Name: 30, dtype: object
